# JRE version: OpenJDK Runtime Environment Temurin-11.0.15+10 (11.0.15+10) (build 11.0.15+10)
# Java VM: OpenJDK 64-Bit Server VM Temurin-11.0.15+10 (11.0.15+10, mixed mode, tiered, compressed oops, g1 gc, windows-amd64)
Heap:
 garbage-first heap   total 114688K, used 39505K [0x00000000e0000000, 0x0000000100000000)
  region size 1024K, 26 young (26624K), 6 survivors (6144K)
 Metaspace       used 37688K, capacity 38881K, committed 39120K, reserved 1083392K
  class space    used 4491K, capacity 4971K, committed 4992K, reserved 1048576K
GC Heap History (10 events):
Event: 1.571 GC heap before
{Heap before GC invocations=0 (full 0):
 garbage-first heap   total 114688K, used 23552K [0x00000000e0000000, 0x0000000100000000)
  region size 1024K, 24 young (24576K), 0 survivors (0K)
 Metaspace       used 13743K, capacity 14153K, committed 14464K, reserved 1062912K
  class space    used 1452K, capacity 1582K, committed 1664K, reserved 1048576K
}
Event: 1.577 GC heap after
{Heap after GC invocations=1 (full 0):
 garbage-first heap   total 114688K, used 6587K [0x00000000e0000000, 0x0000000100000000)
  region size 1024K, 3 young (3072K), 3 survivors (3072K)
 Metaspace       used 13743K, capacity 14153K, committed 14464K, reserved 1062912K
  class space    used 1452K, capacity 1582K, committed 1664K, reserved 1048576K
}
Event: 2.088 GC heap before
{Heap before GC invocations=1 (full 0):
 garbage-first heap   total 114688K, used 22971K [0x00000000e0000000, 0x0000000100000000)
  region size 1024K, 19 young (19456K), 3 survivors (3072K)
 Metaspace       used 17204K, capacity 17916K, committed 18176K, reserved 1064960K
  class space    used 1945K, capacity 2189K, committed 2304K, reserved 1048576K
}
Event: 2.092 GC heap after
{Heap after GC invocations=2 (full 0):
 garbage-first heap   total 114688K, used 7676K [0x00000000e0000000, 0x0000000100000000)
  region size 1024K, 2 young (2048K), 2 survivors (2048K)
 Metaspace       used 17204K, capacity 17916K, committed 18176K, reserved 1064960K
  class space    used 1945K, capacity 2189K, committed 2304K, reserved 1048576K
}
Event: 2.524 GC heap before
{Heap before GC invocations=2 (full 0):
 garbage-first heap   total 114688K, used 23036K [0x00000000e0000000, 0x0000000100000000)
  region size 1024K, 18 young (18432K), 2 survivors (2048K)
 Metaspace       used 20429K, capacity 21134K, committed 21296K, reserved 1069056K
  class space    used 2301K, capacity 2599K, committed 2688K, reserved 1048576K
}
Event: 2.529 GC heap after
{Heap after GC invocations=3 (full 0):
 garbage-first heap   total 114688K, used 9366K [0x00000000e0000000, 0x0000000100000000)
  region size 1024K, 3 young (3072K), 3 survivors (3072K)
 Metaspace       used 20429K, capacity 21134K, committed 21296K, reserved 1069056K
  class space    used 2301K, capacity 2599K, committed 2688K, reserved 1048576K
}
Event: 6.525 GC heap before
{Heap before GC invocations=4 (full 0):
 garbage-first heap   total 114688K, used 60566K [0x00000000e0000000, 0x0000000100000000)
  region size 1024K, 53 young (54272K), 3 survivors (3072K)
 Metaspace       used 28143K, capacity 28967K, committed 29104K, reserved 1075200K
  class space    used 3219K, capacity 3577K, committed 3584K, reserved 1048576K
}
Event: 6.531 GC heap after
{Heap after GC invocations=5 (full 0):
 garbage-first heap   total 114688K, used 12668K [0x00000000e0000000, 0x0000000100000000)
  region size 1024K, 6 young (6144K), 6 survivors (6144K)
 Metaspace       used 28143K, capacity 28967K, committed 29104K, reserved 1075200K
  class space    used 3219K, capacity 3577K, committed 3584K, reserved 1048576K
}
Event: 8.494 GC heap before
{Heap before GC invocations=5 (full 0):
 garbage-first heap   total 114688K, used 62844K [0x00000000e0000000, 0x0000000100000000)
  region size 1024K, 56 young (57344K), 6 survivors (6144K)
 Metaspace       used 34731K, capacity 35815K, committed 35920K, reserved 1081344K
  class space    used 4077K, capacity 4546K, committed 4608K, reserved 1048576K
}
Event: 8.504 GC heap after
{Heap after GC invocations=6 (full 0):
 garbage-first heap   total 114688K, used 14929K [0x00000000e0000000, 0x0000000100000000)
  region size 1024K, 6 young (6144K), 6 survivors (6144K)
 Metaspace       used 34731K, capacity 35815K, committed 35920K, reserved 1081344K
  class space    used 4077K, capacity 4546K, committed 4608K, reserved 1048576K
}

